\\mac\home\downloads\desktop\projects\dz2\dz2\debug\dz2.pch
\\mac\home\downloads\desktop\projects\dz2\dz2\debug\vc140.pdb
\\mac\home\downloads\desktop\projects\dz2\dz2\debug\vc140.idb
\\mac\home\downloads\desktop\projects\dz2\dz2\debug\stdafx.obj
\\mac\home\downloads\desktop\projects\dz2\dz2\debug\dz2.obj
\\mac\home\downloads\desktop\projects\dz2\dz2\debug\func.obj
\\mac\home\downloads\desktop\projects\dz2\dz2\debug\dz2.res
\\mac\home\downloads\desktop\projects\dz2\debug\dz2.pdb
\\mac\home\downloads\desktop\projects\dz2\dz2\debug\dz2.tlog\cl.command.1.tlog
\\mac\home\downloads\desktop\projects\dz2\dz2\debug\dz2.tlog\cl.read.1.tlog
\\mac\home\downloads\desktop\projects\dz2\dz2\debug\dz2.tlog\cl.write.1.tlog
\\mac\home\downloads\desktop\projects\dz2\dz2\debug\dz2.tlog\link-cvtres.read.1.tlog
\\mac\home\downloads\desktop\projects\dz2\dz2\debug\dz2.tlog\link-cvtres.write.1.tlog
\\mac\home\downloads\desktop\projects\dz2\dz2\debug\dz2.tlog\link-rc.read.1.tlog
\\mac\home\downloads\desktop\projects\dz2\dz2\debug\dz2.tlog\link-rc.write.1.tlog
\\mac\home\downloads\desktop\projects\dz2\dz2\debug\dz2.tlog\link.command.1.tlog
\\mac\home\downloads\desktop\projects\dz2\dz2\debug\dz2.tlog\link.read.1.tlog
\\mac\home\downloads\desktop\projects\dz2\dz2\debug\dz2.tlog\link.write.1.tlog
\\mac\home\downloads\desktop\projects\dz2\dz2\debug\dz2.tlog\rc.command.1.tlog
\\mac\home\downloads\desktop\projects\dz2\dz2\debug\dz2.tlog\rc.read.1.tlog
\\mac\home\downloads\desktop\projects\dz2\dz2\debug\dz2.tlog\rc.write.1.tlog
